мая 24, 2024 1:20:01 PM org.example.Main main
INFO: НЕ РАБОТАЕТ!
мая 24, 2024 1:20:01 PM org.example.Main main
INFO: НЕ РАБОТАЕТ!
мая 24, 2024 1:20:02 PM org.example.Main main
INFO: НЕ РАБОТАЕТ!
мая 24, 2024 1:20:02 PM org.example.Main main
INFO: НЕ РАБОТАЕТ!
мая 24, 2024 1:20:02 PM org.example.Main main
INFO: НЕ РАБОТАЕТ!
мая 24, 2024 1:20:02 PM org.example.Main main
INFO: НЕ РАБОТАЕТ!
мая 24, 2024 1:20:04 PM org.example.Main main
INFO: НЕ РАБОТАЕТ!
мая 24, 2024 1:20:04 PM org.example.Main main
INFO: НЕ РАБОТАЕТ!
мая 24, 2024 1:20:04 PM org.example.Main main
INFO: НЕ РАБОТАЕТ!
мая 24, 2024 1:20:04 PM org.example.Main main
INFO: НЕ РАБОТАЕТ!
мая 24, 2024 1:20:04 PM org.example.Main main
INFO: НЕ РАБОТАЕТ!
мая 24, 2024 1:20:04 PM org.example.Main main
INFO: НЕ РАБОТАЕТ!
мая 24, 2024 1:20:04 PM org.example.Main main
INFO: НЕ РАБОТАЕТ!
мая 24, 2024 1:20:05 PM org.example.Main main
INFO: НЕ РАБОТАЕТ!
мая 24, 2024 1:20:05 PM org.example.Main main
INFO: НЕ РАБОТАЕТ!
мая 24, 2024 1:20:05 PM org.example.Main main
INFO: НЕ РАБОТАЕТ!
мая 24, 2024 1:20:05 PM org.example.Main main
INFO: НЕ РАБОТАЕТ!
мая 24, 2024 1:20:05 PM org.example.Main main
INFO: НЕ РАБОТАЕТ!
мая 24, 2024 1:20:05 PM org.example.Main main
INFO: НЕ РАБОТАЕТ!
мая 24, 2024 1:20:05 PM org.example.Main main
INFO: НЕ РАБОТАЕТ!
мая 24, 2024 1:20:05 PM org.example.Main main
INFO: НЕ РАБОТАЕТ!
мая 24, 2024 1:20:06 PM org.example.Main main
INFO: НЕ РАБОТАЕТ!
мая 24, 2024 1:20:11 PM org.example.Main main
INFO: НЕ РАБОТАЕТ!
мая 24, 2024 1:20:12 PM org.example.Main main
INFO: НЕ РАБОТАЕТ!
мая 24, 2024 1:20:57 PM org.example.Main main
INFO: НЕ РАБОТАЕТ!
мая 24, 2024 1:21:49 PM org.example.Main main
WARNING: НЕ РАБОТАЕТ!
мая 24, 2024 1:21:49 PM org.example.Main main
WARNING: НЕ РАБОТАЕТ!
мая 24, 2024 1:21:49 PM org.example.Main main
WARNING: НЕ РАБОТАЕТ!
мая 24, 2024 1:21:49 PM org.example.Main main
WARNING: НЕ РАБОТАЕТ!
[2024-05-29 08:49:03] [#2$-7s] НЕ РАБОТАЕТ! 
[2024-05-29 08:49:05] [#2$-7s] НЕ РАБОТАЕТ! 
[2024-05-29 08:49:06] [#2$-7s] НЕ РАБОТАЕТ! 
[2024-05-29 08:52:14] [#2$-7s] НЕ РАБОТАЕТ! 
[2024-05-29 08:52:16] [#2$-7s] НЕ РАБОТАЕТ! 
[2024-05-29 08:52:16] [#2$-7s] НЕ РАБОТАЕТ! 
[2024-05-29 08:52:16] [#2$-7s] НЕ РАБОТАЕТ! 
[2024-05-29 08:52:16] [#2$-7s] НЕ РАБОТАЕТ! 
[2024-05-29 08:52:17] [#2$-7s] НЕ РАБОТАЕТ! 
[2024-05-29 08:52:17] [#2$-7s] НЕ РАБОТАЕТ! 
[2024-05-29 08:52:17] [#2$-7s] НЕ РАБОТАЕТ! 
[2024-05-29 08:52:17] [#2$-7s] НЕ РАБОТАЕТ! 
[2024-05-29 08:52:17] [#2$-7s] НЕ РАБОТАЕТ! 
[2024-05-29 08:52:17] [#2$-7s] НЕ РАБОТАЕТ! 
[2024-05-29 08:52:17] [#2$-7s] НЕ РАБОТАЕТ! 
[2024-05-29 08:52:18] [#2$-7s] НЕ РАБОТАЕТ! 
[2024-05-29 08:52:18] [#2$-7s] НЕ РАБОТАЕТ! 
[2024-05-29 08:52:18] [#2$-7s] НЕ РАБОТАЕТ! 
[2024-05-29 08:52:18] [#2$-7s] НЕ РАБОТАЕТ! 
[2024-05-29 08:52:21] [#2$-7s] НЕ РАБОТАЕТ! 
[2024-05-29 08:59:54] [#2$-7s] Пользователь выбрал играть за слугу 
[2024-05-29 09:01:59] [2024-05-29 09:02:00] [2024-05-29 09:02:01] [2024-05-29 09:02:35] 
[2024-05-29 09:02:36] 
[2024-05-29 09:02:37] 
[2024-05-29 09:02:37] 
[2024-05-29 09:03:06] [#2$-7s] 
[2024-05-29 09:03:06] [#2$-7s] 
[2024-05-29 09:03:06] [#2$-7s] 
[2024-05-29 09:03:07] [#2$-7s] 
[2024-05-29 09:03:08] [#2$-7s] 
[2024-05-29 09:03:41] [#1$-7s] 
[2024-05-29 09:04:28] Неправильный ввод пункта выбора! 
[2024-05-29 09:04:28] Неправильный ввод пункта выбора! 
[2024-05-29 09:04:29] Неправильный ввод пункта выбора! 
[2024-05-29 09:04:29] Неправильный ввод пункта выбора! 
[2024-05-29 09:04:31] Неправильный ввод пункта выбора! 
[2024-05-29 09:06:59] [#2$-7s] Неправильный ввод пункта выбора! 
[2024-05-29 09:07:41] [#2$] Неправильный ввод пункта выбора! 
[2024-05-29 09:07:42] [#2$] Неправильный ввод пункта выбора! 
[2024-05-29 09:07:43] [#2$] Неправильный ввод пункта выбора! 
[2024-05-29 09:09:30] [WARNING] Неправильный ввод пункта выбора! 
[2024-05-29 09:09:30] [WARNING] Неправильный ввод пункта выбора! 
[2024-05-29 09:09:31] [WARNING] Неправильный ввод пункта выбора! 
[2024-06-01 05:53:50] [INFO   ] Пользователь выбрал играть за прицессу 
[2024-06-01 05:53:56] [INFO   ] Пользователь ввел имя - Петя 
[2024-06-01 05:53:58] [INFO   ] Пользователь выбрал способ передвижения - карета 
[2024-06-01 05:54:00] [INFO   ] Пользователь выбрал питомца - собака 
